0 silly argv { _: [ 'bootstrap' ], lernaVersion: '4.0.0', '$0': 'lerna' }
1 notice cli v4.0.0
2 verbose rootPath /Users/migueljulio/repos/fitfab.2.0
3 verbose hoist using globs ["**"]
4 silly npmConfig {
4 silly npmConfig   registry: undefined,
4 silly npmConfig   npmClient: 'npm',
4 silly npmConfig   npmClientArgs: [],
4 silly npmConfig   mutex: undefined
4 silly npmConfig }
5 info Bootstrapping 3 packages
6 verbose lifecycle preinstall
7 silly lifecycle No script for "preinstall" in "@fitfab/builder", continuing
8 silly lifecycle No script for "preinstall" in "@fitfab/button", continuing
9 silly lifecycle No script for "preinstall" in "@fitfab/fitfab", continuing
10 silly hasDependencyInstalled fitfab.2.0 lerna
11 silly hasDependencyInstalled fitfab.2.0 @babel/core
12 silly hasDependencyInstalled fitfab.2.0 @babel/preset-env
13 silly hasDependencyInstalled fitfab.2.0 @babel/preset-react
14 silly hasDependencyInstalled fitfab.2.0 @rollup/plugin-babel
15 silly hasDependencyInstalled fitfab.2.0 @rollup/plugin-node-resolve
16 silly hasDependencyInstalled fitfab.2.0 rollup
17 silly hasDependencyInstalled fitfab.2.0 react
18 silly root dependencies {}
19 silly leaf dependencies {}
20 info Installing external dependencies
21 verbose actions 2 actions, concurrency 6
22 info hoist Installing hoisted dependencies into root
23 silly npmInstallDependencies fitfab.2.0 [
23 silly npmInstallDependencies   'lerna@^4.0.0',
23 silly npmInstallDependencies   '@babel/core@^7.15.0',
23 silly npmInstallDependencies   '@babel/preset-env@^7.15.0',
23 silly npmInstallDependencies   '@babel/preset-react@^7.14.5',
23 silly npmInstallDependencies   '@rollup/plugin-babel@^5.3.0',
23 silly npmInstallDependencies   '@rollup/plugin-node-resolve@^13.0.4',
23 silly npmInstallDependencies   'rollup@^2.56.2',
23 silly npmInstallDependencies   'react@^17.0.2'
23 silly npmInstallDependencies ]
24 silly npmInstallDependencies backup /Users/migueljulio/repos/fitfab.2.0/package.json
25 info hoist Pruning hoisted dependencies
26 silly prune [
26 silly prune   '/Users/migueljulio/repos/fitfab.2.0/packages/builder/node_modules/@babel/core',
26 silly prune   '/Users/migueljulio/repos/fitfab.2.0/packages/builder/node_modules/@babel/preset-env',
26 silly prune   '/Users/migueljulio/repos/fitfab.2.0/packages/builder/node_modules/@babel/preset-react',
26 silly prune   '/Users/migueljulio/repos/fitfab.2.0/packages/builder/node_modules/@rollup/plugin-babel',
26 silly prune   '/Users/migueljulio/repos/fitfab.2.0/packages/builder/node_modules/@rollup/plugin-node-resolve',
26 silly prune   '/Users/migueljulio/repos/fitfab.2.0/packages/builder/node_modules/rollup',
26 silly prune   '/Users/migueljulio/repos/fitfab.2.0/packages/button/node_modules/react'
26 silly prune ]
27 silly rimrafDir /Users/migueljulio/repos/fitfab.2.0/packages/builder/node_modules/@babel/core
28 silly rimrafDir /Users/migueljulio/repos/fitfab.2.0/packages/builder/node_modules/@babel/preset-env
29 silly rimrafDir /Users/migueljulio/repos/fitfab.2.0/packages/builder/node_modules/@babel/preset-react
30 silly rimrafDir /Users/migueljulio/repos/fitfab.2.0/packages/builder/node_modules/@rollup/plugin-babel
31 silly rimrafDir /Users/migueljulio/repos/fitfab.2.0/packages/builder/node_modules/@rollup/plugin-node-resolve
32 silly rimrafDir /Users/migueljulio/repos/fitfab.2.0/packages/builder/node_modules/rollup
33 verbose prune /Users/migueljulio/repos/fitfab.2.0/packages/builder/node_modules/@babel/core
34 silly rimrafDir /Users/migueljulio/repos/fitfab.2.0/packages/button/node_modules/react
35 verbose prune /Users/migueljulio/repos/fitfab.2.0/packages/builder/node_modules/@babel/preset-env
36 verbose prune /Users/migueljulio/repos/fitfab.2.0/packages/builder/node_modules/@babel/preset-react
37 verbose prune /Users/migueljulio/repos/fitfab.2.0/packages/builder/node_modules/@rollup/plugin-babel
38 verbose prune /Users/migueljulio/repos/fitfab.2.0/packages/builder/node_modules/@rollup/plugin-node-resolve
39 verbose prune /Users/migueljulio/repos/fitfab.2.0/packages/builder/node_modules/rollup
40 verbose prune /Users/migueljulio/repos/fitfab.2.0/packages/button/node_modules/react
41 info hoist Finished pruning hoisted dependencies
42 silly npmInstallDependencies writing tempJson {
42 silly npmInstallDependencies   name: 'fitfab.2.0',
42 silly npmInstallDependencies   version: '1.0.0',
42 silly npmInstallDependencies   description: '',
42 silly npmInstallDependencies   main: 'index.js',
42 silly npmInstallDependencies   keywords: [],
42 silly npmInstallDependencies   author: '',
42 silly npmInstallDependencies   license: 'ISC',
42 silly npmInstallDependencies   devDependencies: { lerna: '^4.0.0' },
42 silly npmInstallDependencies   dependencies: {
42 silly npmInstallDependencies     '@babel/core': '^7.15.0',
42 silly npmInstallDependencies     '@babel/preset-env': '^7.15.0',
42 silly npmInstallDependencies     '@babel/preset-react': '^7.14.5',
42 silly npmInstallDependencies     '@rollup/plugin-babel': '^5.3.0',
42 silly npmInstallDependencies     '@rollup/plugin-node-resolve': '^13.0.4',
42 silly npmInstallDependencies     rollup: '^2.56.2',
42 silly npmInstallDependencies     react: '^17.0.2'
42 silly npmInstallDependencies   }
42 silly npmInstallDependencies }
43 silly getNpmExecOpts /Users/migueljulio/repos/fitfab.2.0 undefined
44 silly npmInstall [ 'npm', [ 'install' ] ]
45 silly npmInstallDependencies cleanup /Users/migueljulio/repos/fitfab.2.0/package.json
46 silly createSymlink [
46 silly createSymlink   '/Users/migueljulio/repos/fitfab.2.0/node_modules/rollup/dist/bin/rollup',
46 silly createSymlink   '/Users/migueljulio/repos/fitfab.2.0/packages/builder/node_modules/.bin/rollup',
46 silly createSymlink   'exec'
46 silly createSymlink ]
47 silly createSymbolicLink [
47 silly createSymbolicLink   '../../../../node_modules/rollup/dist/bin/rollup',
47 silly createSymbolicLink   '/Users/migueljulio/repos/fitfab.2.0/packages/builder/node_modules/.bin/rollup',
47 silly createSymbolicLink   'file'
47 silly createSymbolicLink ]
48 info hoist Finished bootstrapping root
49 info Symlinking packages and binaries
50 silly actions finished @fitfab/builder
51 silly resolveSymlink /Users/migueljulio/repos/fitfab.2.0/packages/button/node_modules/@fitfab/builder
52 verbose resolveSymlink [
52 verbose resolveSymlink   '/Users/migueljulio/repos/fitfab.2.0/packages/button/node_modules/@fitfab/builder',
52 verbose resolveSymlink   '/Users/migueljulio/repos/fitfab.2.0/packages/builder'
52 verbose resolveSymlink ]
53 silly createSymlink [
53 silly createSymlink   '/Users/migueljulio/repos/fitfab.2.0/packages/builder',
53 silly createSymlink   '/Users/migueljulio/repos/fitfab.2.0/packages/button/node_modules/@fitfab/builder',
53 silly createSymlink   'junction'
53 silly createSymlink ]
54 silly createSymbolicLink [
54 silly createSymbolicLink   '../../../builder',
54 silly createSymbolicLink   '/Users/migueljulio/repos/fitfab.2.0/packages/button/node_modules/@fitfab/builder',
54 silly createSymbolicLink   'junction'
54 silly createSymbolicLink ]
55 silly createSymlink [
55 silly createSymlink   '/Users/migueljulio/repos/fitfab.2.0/packages/builder/lib/builder.js',
55 silly createSymlink   '/Users/migueljulio/repos/fitfab.2.0/packages/button/node_modules/.bin/builder',
55 silly createSymlink   'exec'
55 silly createSymlink ]
56 silly shShim [
56 silly shShim   '/Users/migueljulio/repos/fitfab.2.0/packages/builder/lib/builder.js',
56 silly shShim   '/Users/migueljulio/repos/fitfab.2.0/packages/button/node_modules/.bin/builder',
56 silly shShim   'file'
56 silly shShim ]
57 error
